[19:52:02] [Server thread/INFO]: Starting minecraft server version 1.8
[19:52:03] [Server thread/INFO]: Loading properties
[19:52:03] [Server thread/INFO]: Default game type: ADVENTURE
[19:52:03] [Server thread/INFO]: Generating keypair
[19:52:03] [Server thread/INFO]: Starting Minecraft server on *:25565
[19:52:03] [Server thread/WARN]: **** SERVER IS RUNNING IN OFFLINE/INSECURE MODE!
[19:52:03] [Server thread/WARN]: The server will make no attempt to authenticate usernames. Beware.
[19:52:03] [Server thread/WARN]: While this makes the game possible to play without internet access, it also opens up the ability for hackers to connect with any username they choose.
[19:52:03] [Server thread/WARN]: To change this, set "online-mode" to "true" in the server.properties file.
[19:52:04] [Server thread/INFO]: Preparing level "torneo"
[19:52:04] [Server thread/INFO]: Preparing start region for level 0
[19:52:05] [Server thread/INFO]: Done (1.025s)! For help, type "help" or "?"
[19:52:26] [Server thread/INFO]: ToBiik_[/127.135.168.66:52003] logged in with entity id 51 at (32.43627428664729, 12.0, 12.597545227285535)
[19:52:26] [Server thread/INFO]: ToBiik_ joined the game
[19:52:38] [Server thread/INFO]: [@: Given Saturation (ID 23) * 255 to ToBiik_ for 99999 seconds]
[19:52:38] [Server thread/INFO]: [@: Set the time to 1000]
[19:52:38] [Server thread/INFO]: [@: Changing to clear weather]
[19:52:50] [Server thread/INFO]: ToBiik_ lost connection: TextComponent{text='Disconnected', siblings=[], style=Style{hasParent=false, color=null, bold=null, italic=null, underlined=null, obfuscated=null, clickEvent=null, hoverEvent=null, insertion=null}}
[19:52:50] [Server thread/INFO]: ToBiik_ left the game
[19:53:29] [Server thread/INFO]: [@: Set the time to 1000]
[19:53:29] [Server thread/INFO]: [@: Changing to clear weather]
[19:55:49] [Server thread/INFO]: asdfghj567[/127.119.150.207:45121] logged in with entity id 53 at (-34.81727172534291, 21.96265488449432, 26.025666087619776)
[19:55:49] [Server thread/INFO]: asdfghj567 joined the game
[19:55:53] [Server thread/INFO]: ToBiik_[/127.135.168.66:53597] logged in with entity id 54 at (36.46921914566227, 17.0, 12.928509379302628)
[19:55:53] [Server thread/INFO]: ToBiik_ joined the game
[19:56:02] [Server thread/INFO]: <ToBiik_> Q
[19:56:17] [Server thread/INFO]: <ToBiik_> MNO?
[19:56:19] [Server thread/INFO]: [@: Given Saturation (ID 23) * 255 to ToBiik_ for 99999 seconds]
[19:56:19] [Server thread/INFO]: [@: Given Saturation (ID 23) * 255 to asdfghj567 for 99999 seconds]
[19:56:19] [Server thread/INFO]: [@: Set the time to 1000]
[19:56:19] [Server thread/INFO]: [@: Changing to clear weather]
[19:56:31] [Server thread/INFO]: <ToBiik_> donde estas?
[19:56:32] [Server thread/INFO]: <ToBiik_> xd
[19:56:44] [Server thread/INFO]: <asdfghj567> q
[19:56:54] [Server thread/INFO]: <ToBiik_> donde estas?
[19:57:09] [Server thread/INFO]: <asdfghj567> los caballos
[19:57:10] [Server thread/INFO]: [@: Given Saturation (ID 23) * 255 to ToBiik_ for 99999 seconds]
[19:57:10] [Server thread/INFO]: [@: Given Saturation (ID 23) * 255 to asdfghj567 for 99999 seconds]
[19:57:10] [Server thread/INFO]: [@: Set the time to 1000]
[19:57:10] [Server thread/INFO]: [@: Changing to clear weather]
[19:57:25] [Server thread/INFO]: <ToBiik_> ahi esta tu caballo ganador bro
[19:57:42] [Server thread/INFO]: <asdfghj567> el del numero 10 no?
[19:57:47] [Server thread/INFO]: <ToBiik_> si mn o
[19:57:49] [Server thread/INFO]: <ToBiik_> mira
[19:57:50] [Server thread/INFO]: <asdfghj567> ok
[19:58:01] [Server thread/INFO]: <ToBiik_> mira el parkour
[19:58:01] [Server thread/INFO]: [@: Given Saturation (ID 23) * 255 to ToBiik_ for 99999 seconds]
[19:58:01] [Server thread/INFO]: [@: Given Saturation (ID 23) * 255 to asdfghj567 for 99999 seconds]
[19:58:01] [Server thread/INFO]: [@: Set the time to 1000]
[19:58:01] [Server thread/INFO]: [@: Changing to clear weather]
[19:58:34] [Server thread/INFO]: <asdfghj567> lo hago de nuevo si quieres
[19:58:52] [Server thread/INFO]: [@: Given Saturation (ID 23) * 255 to asdfghj567 for 99999 seconds]
[19:58:52] [Server thread/INFO]: [@: Given Saturation (ID 23) * 255 to ToBiik_ for 99999 seconds]
[19:58:52] [Server thread/INFO]: [@: Set the time to 1000]
[19:58:52] [Server thread/INFO]: [@: Changing to clear weather]
[19:59:43] [Server thread/INFO]: [@: Given Saturation (ID 23) * 255 to asdfghj567 for 99999 seconds]
[19:59:43] [Server thread/INFO]: [@: Given Saturation (ID 23) * 255 to ToBiik_ for 99999 seconds]
[19:59:43] [Server thread/INFO]: [@: Set the time to 1000]
[19:59:43] [Server thread/INFO]: [@: Changing to clear weather]
[19:59:56] [Server thread/INFO]: <ToBiik_> es para el mongol de insano p
[20:00:01] [Server thread/INFO]: <asdfghj567> a
[20:00:03] [Server thread/INFO]: <asdfghj567> xddd
[20:00:16] [Server thread/INFO]: <ToBiik_> ese se cae en un salto de un bloque
[20:00:34] [Server thread/INFO]: [@: Given Saturation (ID 23) * 255 to ToBiik_ for 99999 seconds]
[20:00:34] [Server thread/INFO]: [@: Given Saturation (ID 23) * 255 to asdfghj567 for 99999 seconds]
[20:00:34] [Server thread/INFO]: [@: Set the time to 1000]
[20:00:34] [Server thread/INFO]: [@: Changing to clear weather]
[20:01:25] [Server thread/INFO]: [@: Given Saturation (ID 23) * 255 to asdfghj567 for 99999 seconds]
[20:01:25] [Server thread/INFO]: [@: Given Saturation (ID 23) * 255 to ToBiik_ for 99999 seconds]
[20:01:25] [Server thread/INFO]: [@: Set the time to 1000]
[20:01:25] [Server thread/INFO]: [@: Changing to clear weather]
[20:02:03] [Server thread/INFO]: <asdfghj567> ggs
[20:02:05] [Server thread/INFO]: <asdfghj567> gane
[20:02:08] [Server thread/INFO]: <ToBiik_> y listo loco xd
[20:02:10] [Server thread/INFO]: <ToBiik_> mano
[20:02:15] [Server thread/INFO]: <ToBiik_> a ver quiero verte
[20:02:15] [Server thread/INFO]: <asdfghj567> muy zzzz
[20:02:17] [Server thread/INFO]: [@: Given Saturation (ID 23) * 255 to asdfghj567 for 99999 seconds]
[20:02:17] [Server thread/INFO]: [@: Given Saturation (ID 23) * 255 to ToBiik_ for 99999 seconds]
[20:02:17] [Server thread/INFO]: [@: Set the time to 1000]
[20:02:17] [Server thread/INFO]: [@: Changing to clear weather]
[20:02:17] [Server thread/INFO]: <asdfghj567> digo q
[20:02:32] [Server thread/INFO]: <ToBiik_> ven al principio y colocate en gamemode 2
[20:02:55] [Server thread/INFO]: <asdfghj567> no peudo
[20:02:59] [Server thread/INFO]: <asdfghj567> no tengo permiso
[20:03:02] [Server thread/INFO]: <ToBiik_> aa verdad
[20:03:06] [Server thread/INFO]: [ToBiik_: Set asdfghj567's game mode to Adventure Mode]
[20:03:08] [Server thread/INFO]: [@: Given Saturation (ID 23) * 255 to asdfghj567 for 99999 seconds]
[20:03:08] [Server thread/INFO]: [@: Given Saturation (ID 23) * 255 to ToBiik_ for 99999 seconds]
[20:03:08] [Server thread/INFO]: [@: Set the time to 1000]
[20:03:08] [Server thread/INFO]: [@: Changing to clear weather]
[20:03:09] [Server thread/INFO]: <ToBiik_> listo
[20:03:36] [Server thread/INFO]: <asdfghj567> rolie
[20:03:41] [Server thread/INFO]: <asdfghj567> trolie
[20:03:47] [Server thread/INFO]: <ToBiik_> xd
[20:03:53] [Server thread/INFO]: [ToBiik_: Set asdfghj567's game mode to Adventure Mode]
[20:03:59] [Server thread/INFO]: [@: Given Saturation (ID 23) * 255 to asdfghj567 for 99999 seconds]
[20:03:59] [Server thread/INFO]: [@: Given Saturation (ID 23) * 255 to ToBiik_ for 99999 seconds]
[20:03:59] [Server thread/INFO]: [@: Set the time to 1000]
[20:03:59] [Server thread/INFO]: [@: Changing to clear weather]
[20:04:02] [Server thread/INFO]: <ToBiik_> pq no mueres?
[20:04:08] [Server thread/INFO]: <asdfghj567> no es lag?
[20:04:15] [Server thread/INFO]: <ToBiik_> no se mano xd
[20:04:24] [Server thread/INFO]: [ToBiik_: Teleported asdfghj567 to ToBiik_]
[20:04:50] [Server thread/INFO]: [@: Given Saturation (ID 23) * 255 to asdfghj567 for 99999 seconds]
[20:04:50] [Server thread/INFO]: [@: Given Saturation (ID 23) * 255 to ToBiik_ for 99999 seconds]
[20:04:50] [Server thread/INFO]: [@: Set the time to 1000]
[20:04:50] [Server thread/INFO]: [@: Changing to clear weather]
[20:04:58] [Server thread/INFO]: <ToBiik_> comiendo manzanas ENCANTADAS OBVIO NO MUERES XD
[20:05:06] [Server thread/INFO]: <asdfghj567> donde?
[20:05:07] [Server thread/INFO]: <ToBiik_> XD
[20:05:16] [Server thread/INFO]: <ToBiik_> COMPLETA TODO
[20:05:41] [Server thread/INFO]: [@: Given Saturation (ID 23) * 255 to ToBiik_ for 99999 seconds]
[20:05:41] [Server thread/INFO]: [@: Given Saturation (ID 23) * 255 to asdfghj567 for 99999 seconds]
[20:05:41] [Server thread/INFO]: [@: Set the time to 1000]
[20:05:41] [Server thread/INFO]: [@: Changing to clear weather]
[20:06:19] [Server thread/INFO]: <asdfghj567> z
[20:06:26] [Server thread/INFO]: <ToBiik_> QQQQQQQQQQQQQQQQQQQQQQQ
[20:06:30] [Server thread/INFO]: <ToBiik_> COMO?!?!?!??!
[20:06:32] [Server thread/INFO]: [@: Given Saturation (ID 23) * 255 to ToBiik_ for 99999 seconds]
[20:06:32] [Server thread/INFO]: [@: Given Saturation (ID 23) * 255 to asdfghj567 for 99999 seconds]
[20:06:32] [Server thread/INFO]: [@: Set the time to 1000]
[20:06:32] [Server thread/INFO]: [@: Changing to clear weather]
[20:06:48] [Server thread/INFO]: <ToBiik_> luego te llamo si mano
[20:06:59] [Server thread/INFO]: <ToBiik_> voy a comer y te llamo
[20:07:01] [Server thread/INFO]: <asdfghj567> ok me legas al gato
[20:07:03] [Server thread/INFO]: <ToBiik_> cierro el sv
[20:07:11] [Server thread/INFO]: <asdfghj567> zzzzz
[20:07:13] [Server thread/INFO]: asdfghj567 lost connection: TextComponent{text='Disconnected', siblings=[], style=Style{hasParent=false, color=null, bold=null, italic=null, underlined=null, obfuscated=null, clickEvent=null, hoverEvent=null, insertion=null}}
[20:07:13] [Server thread/INFO]: asdfghj567 left the game
[20:07:15] [Server thread/INFO]: [ToBiik_: Stopping the server]
[20:07:16] [Server thread/INFO]: Stopping server
[20:07:16] [Server thread/INFO]: Saving players
[20:07:16] [Server thread/INFO]: Saving worlds
[20:07:16] [Server thread/INFO]: Saving chunks for level 'torneo'/Overworld
[20:07:16] [Server thread/INFO]: Saving chunks for level 'torneo'/Nether
[20:07:16] [Server thread/INFO]: Saving chunks for level 'torneo'/The End
